#
# There is insufficient memory for the Java Runtime Environment to continue.
# Native memory allocation (malloc) failed to allocate 1048576 bytes for AllocateHeap
# Possible reasons:
#   The system is out of physical RAM or swap space
#   The process is running with CompressedOops enabled, and the Java Heap may be blocking the growth of the native heap
# Possible solutions:
#   Reduce memory load on the system
#   Increase physical memory or swap space
#   Check if swap backing store is full
#   Decrease Java heap size (-Xmx/-Xms)
#   Decrease number of Java threads
#   Decrease Java thread stack sizes (-Xss)
#   Set larger code cache with -XX:ReservedCodeCacheSize=
#   JVM is running with Unscaled Compressed Oops mode in which the Java heap is
#     placed in the first 4GB address space. The Java Heap base address is the
#     maximum limit for the native heap growth. Please use -XX:HeapBaseMinAddress
#     to set the Java Heap base and to place the Java Heap above 4GB virtual address.
# This output file may be truncated or incomplete.
#
#  Out of Memory Error (c:/BuildAgent/work/5ff2f6c26000d570/src/hotspot/share/memory/allocation.cpp:46), pid=25472, tid=6880
#
# JRE version:  (11.0.3+12) (build )
# Java VM: OpenJDK 64-Bit Server VM (11.0.3+12-b304.39, mixed mode, aot, sharing, tiered, compressed oops, g1 gc, windows-amd64)
# No core dump will be written. Minidumps are not enabled by default on client versions of Windows
#

---------------  S U M M A R Y ------------

Command Line: org.jetbrains.git4idea.http.GitAskPassApp Username for 'https://github.com': 

Host: AMD Ryzen 5 3500U with Radeon Vega Mobile Gfx  , 8 cores, 6G,  Windows 10 , 64 bit Build 18362 (10.0.18362.1082)
Time: Fri Sep 18 16:26:39 2020 ?D1®≤°¿®∫°¡?®∫°¿?? elapsed time: 0 seconds (0d 0h 0m 0s)

---------------  T H R E A D  ---------------

Current thread (0x000002411c61c000):  JavaThread "Unknown thread" [_thread_in_vm, id=6880, stack(0x000000fb17e00000,0x000000fb17f00000)]

Stack: [0x000000fb17e00000,0x000000fb17f00000]
Native frames: (J=compiled Java code, j=interpreted, Vv=VM code, C=native code)
V  [jvm.dll+0x5da77a]
V  [jvm.dll+0x70b9c9]
V  [jvm.dll+0x70cee8]
V  [jvm.dll+0x70d5b3]
V  [jvm.dll+0x23ddc8]
V  [jvm.dll+0xb0bf4]
V  [jvm.dll+0x2d1163]
V  [jvm.dll+0x6eabe7]
V  [jvm.dll+0x6ec38c]
V  [jvm.dll+0x354c29]
V  [jvm.dll+0x6d28ae]
V  [jvm.dll+0x3bd363]
V  [jvm.dll+0x3bf7a1]
C  [java.exe+0x3763]
C  [java.exe+0x17a0c]
C  [KERNEL32.DLL+0x17bd4]
C  [ntdll.dll+0x6ce51]


---------------  P R O C E S S  ---------------

Threads class SMR info:
_java_thread_list=0x000002411a46a020, length=0, elements={
}

Java Threads: ( => current thread )

Other Threads:

[error occurred during error reporting (printing all threads), id 0xc0000005, EXCEPTION_ACCESS_VIOLATION (0xc0000005) at pc=0x00007ff874e472ce]

VM state:not at safepoint (not fully initialized)

VM Mutex/Monitor currently owned by a thread: None


[error occurred during error reporting (printing compressed oops mode), id 0xc0000005, EXCEPTION_ACCESS_VIOLATION (0xc0000005) at pc=0x00007ff874e5b9e7]

GC Heap History (0 events):
No events

Deoptimization events (0 events):
No events

Classes redefined (0 events):
No events

Internal exceptions (0 events):
No events

Events (0 events):
No events


Dynamic libraries:
0x00007ff6fd660000 - 0x00007ff6fd6a7000 	D:\Program Files (x86)\IntelliJ IDEA 2019.2.1\jbr\bin\java.exe
0x00007ff8bc3a0000 - 0x00007ff8bc590000 	C:\WINDOWS\SYSTEM32\ntdll.dll
0x00007ff8bafe0000 - 0x00007ff8bb092000 	C:\WINDOWS\System32\KERNEL32.DLL
0x00007ff8b9cc0000 - 0x00007ff8b9f65000 	C:\WINDOWS\System32\KERNELBASE.dll
0x00007ff8ba450000 - 0x00007ff8ba5e5000 	C:\WINDOWS\System32\USER32.dll
0x00007ff8b9c10000 - 0x00007ff8b9c31000 	C:\WINDOWS\System32\win32u.dll
0x00007ff8baba0000 - 0x00007ff8babc6000 	C:\WINDOWS\System32\GDI32.dll
0x00007ff8b9f70000 - 0x00007ff8ba106000 	C:\WINDOWS\System32\gdi32full.dll
0x00007ff8ba260000 - 0x00007ff8ba2fe000 	C:\WINDOWS\System32\msvcp_win.dll
0x00007ff8ba110000 - 0x00007ff8ba20a000 	C:\WINDOWS\System32\ucrtbase.dll
0x00007ff89aa30000 - 0x00007ff89acb4000 	C:\WINDOWS\WinSxS\amd64_microsoft.windows.common-controls_6595b64144ccf1df_6.0.18362.1082_none_9e8193e1e45b25c1\COMCTL32.dll
0x00007ff8bbbf0000 - 0x00007ff8bbc8e000 	C:\WINDOWS\System32\msvcrt.dll
0x00007ff8bbdf0000 - 0x00007ff8bc125000 	C:\WINDOWS\System32\combase.dll
0x00007ff8bc190000 - 0x00007ff8bc2b0000 	C:\WINDOWS\System32\RPCRT4.dll
0x00007ff8b9c40000 - 0x00007ff8b9cc0000 	C:\WINDOWS\System32\bcryptPrimitives.dll
0x00007ff8baf90000 - 0x00007ff8bafbe000 	C:\WINDOWS\System32\IMM32.DLL
0x00007ff8b2ae0000 - 0x00007ff8b2af7000 	D:\Program Files (x86)\IntelliJ IDEA 2019.2.1\jbr\bin\vcruntime140.dll
0x00007ff870000000 - 0x00007ff87009d000 	D:\Program Files (x86)\IntelliJ IDEA 2019.2.1\jbr\bin\msvcp140.dll
0x00007ff874770000 - 0x00007ff875227000 	D:\Program Files (x86)\IntelliJ IDEA 2019.2.1\jbr\bin\server\jvm.dll
0x00007ff8baca0000 - 0x00007ff8bad43000 	C:\WINDOWS\System32\ADVAPI32.dll
0x00007ff8bbca0000 - 0x00007ff8bbd37000 	C:\WINDOWS\System32\sechost.dll
0x00007ff8baf00000 - 0x00007ff8baf08000 	C:\WINDOWS\System32\PSAPI.DLL
0x00007ff8b0700000 - 0x00007ff8b070a000 	C:\WINDOWS\SYSTEM32\VERSION.dll
0x00007ff89caa0000 - 0x00007ff89caa9000 	C:\WINDOWS\SYSTEM32\WSOCK32.dll
0x00007ff8b73a0000 - 0x00007ff8b73c4000 	C:\WINDOWS\SYSTEM32\WINMM.dll
0x00007ff8b7370000 - 0x00007ff8b739d000 	C:\WINDOWS\SYSTEM32\winmmbase.dll
0x00007ff8b9440000 - 0x00007ff8b948a000 	C:\WINDOWS\System32\cfgmgr32.dll
0x00007ff8badb0000 - 0x00007ff8bae1f000 	C:\WINDOWS\System32\WS2_32.dll
0x00007ff8b9270000 - 0x00007ff8b9281000 	C:\WINDOWS\System32\kernel.appcore.dll
0x00007ff891470000 - 0x00007ff891481000 	D:\Program Files (x86)\IntelliJ IDEA 2019.2.1\jbr\bin\verify.dll
0x00007ff8b5800000 - 0x00007ff8b59f4000 	C:\WINDOWS\SYSTEM32\DBGHELP.DLL
0x00007ff8a99c0000 - 0x00007ff8a99ea000 	C:\WINDOWS\SYSTEM32\dbgcore.DLL
0x00007ff887760000 - 0x00007ff887789000 	D:\Program Files (x86)\IntelliJ IDEA 2019.2.1\jbr\bin\java.dll
0x00007ff891450000 - 0x00007ff891467000 	D:\Program Files (x86)\IntelliJ IDEA 2019.2.1\jbr\bin\zip.dll
0x00007ff8b5540000 - 0x00007ff8b554b000 	D:\Program Files (x86)\IntelliJ IDEA 2019.2.1\jbr\bin\jimage.dll

dbghelp: loaded successfully - version: 4.0.5 - missing functions: none
symbol engine: initialized successfully - sym options: 0x614 - pdb path: .;D:\Program Files (x86)\IntelliJ IDEA 2019.2.1\jbr\bin;C:\WINDOWS\SYSTEM32;C:\WINDOWS\WinSxS\amd64_microsoft.windows.common-controls_6595b64144ccf1df_6.0.18362.1082_none_9e8193e1e45b25c1;D:\Program Files (x86)\IntelliJ IDEA 2019.2.1\jbr\bin\server

VM Arguments:
java_command: org.jetbrains.git4idea.http.GitAskPassApp Username for 'https://github.com': 
java_class_path (initial): D:/Program Files (x86)/IntelliJ IDEA 2019.2.1/plugins/git4idea/lib/git4idea-rt.jar;D:/Program Files (x86)/IntelliJ IDEA 2019.2.1/lib/xmlrpc-2.0.1.jar;D:/Program Files (x86)/IntelliJ IDEA 2019.2.1/lib/commons-codec-1.13.jar;D:/Program Files (x86)/IntelliJ IDEA 2019.2.1/lib/util.jar
Launcher Type: SUN_STANDARD

[Global flags]
     intx CICompilerCount                          = 4                                         {product} {ergonomic}
     uint G1ConcRefinementThreads                  = 8                                         {product} {ergonomic}
   size_t G1HeapRegionSize                         = 1048576                                   {product} {ergonomic}
    uintx GCDrainStackTargetSize                   = 64                                        {product} {ergonomic}
   size_t InitialHeapSize                          = 117440512                                 {product} {ergonomic}
   size_t MaxHeapSize                              = 1864368128                                {product} {ergonomic}
   size_t MinHeapDeltaBytes                        = 1048576                                   {product} {ergonomic}
    uintx NonNMethodCodeHeapSize                   = 5835340                                {pd product} {ergonomic}
    uintx NonProfiledCodeHeapSize                  = 122911450                              {pd product} {ergonomic}
    uintx ProfiledCodeHeapSize                     = 122911450                              {pd product} {ergonomic}
    uintx ReservedCodeCacheSize                    = 251658240                              {pd product} {ergonomic}
     bool SegmentedCodeCache                       = true                                      {product} {ergonomic}
     bool UseCompressedClassPointers               = true                                 {lp64_product} {ergonomic}
     bool UseCompressedOops                        = true                                 {lp64_product} {ergonomic}
     bool UseG1GC                                  = true                                      {product} {ergonomic}
     bool UseLargePagesIndividualAllocation        = false                                  {pd product} {ergonomic}

Logging:
Log output configuration:
 #0: stdout all=warning uptime,level,tags
 #1: stderr all=off uptime,level,tags

Environment Variables:
JAVA_HOME=C:\Program Files\Java\jdk1.8.0_221
PATH=D:\git\Git\mingw64\libexec\git-core;D:\git\Git\mingw64\libexec\git-core;D:\git\Git\mingw64\bin;D:\git\Git\usr\bin;C:\Users\ZYL\bin;D:\xshell;D:\Sybase\ASE-15_0\jobscheduler\bin;D:\Sybase\ASE-15_0\dll;D:\Sybase\ASE-15_0\bin;D:\Sybase\DBISQL\bin;D:\Sybase\DataAccess\ADONET\dll;D:\Sybase\DataAccess\ODBC\dll;D:\Sybase\UAF-2_5\bin;D:\Sybase\OCS-15_0\lib3p;D:\Sybase\OCS-15_0\dll;D:\Sybase\OCS-15_0\bin;D:\oracle\oracleazlj\product\11.2.0\dbhome_1\bin;C:\Program Files (x86)\Common Files\Oracle\Java\javapath;C:\WINDOWS\system32;C:\WINDOWS;C:\WINDOWS\System32\Wbem;C:\WINDOWS\System32\WindowsPowerShell\v1.0;C:\WINDOWS\System32\OpenSSH;C:\Program Files\Intel\WiFi\bin;C:\Program Files\Common Files\Intel\WirelessCommon;C:\Program Files\Java\jdk1.8.0_221\bin;D:\apache-tomcat-9.0.24\bin;D:\Redis;D:\oracle\oracleazlj\product\11.2.0\dbhome_1\bin;C:\Program Files\MySQL\MySQL Server 5.5\bin;C:\Program Files\TortoiseSVN\bin;D:\gradle-6.3\bin;D:\maven\apache-maven-3.6.1\bin;D:\git\Git\cmd;D:\git\Git\usr\bin;C:\Users\ZYL\AppData\Local\Microsoft\WindowsApps;D:\Program Files (x86);C:\Users\ZYL\AppData\Local\BypassRuntm;%USERPROFILE%\AppData\Local\Microsoft\WindowsApps
USERNAME=÷£—«¡÷
DISPLAY=:0.0
OS=Windows_NT
PROCESSOR_IDENTIFIER=AMD64 Family 23 Model 24 Stepping 1, AuthenticAMD



---------------  S Y S T E M  ---------------

OS: Windows 10 , 64 bit Build 18362 (10.0.18362.1082)

CPU:total 8 (initial active 8) (8 cores per cpu, 2 threads per core) family 23 model 24 stepping 1, cmov, cx8, fxsr, mmx, sse, sse2, sse3, ssse3, sse4.1, sse4.2, popcnt, avx, avx2, aes, clmul, mmxext, 3dnowpref, lzcnt, sse4a, ht, tsc, tscinvbit, tscinv, bmi1, bmi2, adx, sha, fma

Memory: 4k page, system-wide physical 7106M (787M free)
TotalPageFile size 17346M (AvailPageFile size 5M)
current process WorkingSet (physical memory assigned to process): 9M, peak: 9M
current process commit charge ("private bytes"): 11M, peak: 12M

vm_info: OpenJDK 64-Bit Server VM (11.0.3+12-b304.39) for windows-amd64 JRE (11.0.3+12-b304.39), built on Aug 14 2019 11:03:43 by "" with MS VC++ 14.0 (VS2015)

END.
